<?xml version="1.0" encoding="UTF-8"?>
<testsuite xmlns:xsi="http://www.w3.org/2001/XMLSchema-instance" xsi:noNamespaceSchemaLocation="https://maven.apache.org/surefire/maven-surefire-plugin/xsd/surefire-test-report-3.0.xsd" version="3.0" name="com.yeahbutstill.kepotify.ArtisAlbumSongTest" time="5.787" tests="9" errors="6" skipped="0" failures="0">
  <properties>
[...]
</properties>
  <testcase name="testFetchArtisHasAlbums" classname="com.yeahbutstill.kepotify.ArtisAlbumSongTest" time="4.98">
    <error message="Cannot invoke &quot;com.yeahbutstill.kepotify.entity.Song.getAlbum()&quot; because &quot;song&quot; is null" type="java.lang.NullPointerException"><![CDATA[java.lang.NullPointerException: Cannot invoke "com.yeahbutstill.kepotify.entity.Song.getAlbum()" because "song" is null
	at com.yeahbutstill.kepotify.ArtisAlbumSongTest.testFetchArtisHasAlbums(ArtisAlbumSongTest.java:256)
	at java.base/java.lang.reflect.Method.invoke(Method.java:580)
	at java.base/java.util.ArrayList.forEach(ArrayList.java:1596)
	at java.base/java.util.ArrayList.forEach(ArrayList.java:1596)
]]></error>
    <system-out><![CDATA[2023-12-27 13:25:08.079 [main] INFO  o.h.jpa.internal.util.LogHelper - [] - HHH000204: Processing PersistenceUnitInfo [name: KEPO]
2023-12-27 13:25:08.159 [main] INFO  org.hibernate.Version - [] - HHH000412: Hibernate ORM core version 6.4.1.Final
2023-12-27 13:25:08.226 [main] INFO  o.h.c.i.RegionFactoryInitiator - [] - HHH000026: Second-level cache disabled
2023-12-27 13:25:08.584 [main] WARN  o.hibernate.orm.connections.pooling - [] - HHH10001002: Using built-in connection pool (not intended for production use)
2023-12-27 13:25:08.589 [main] INFO  o.hibernate.orm.connections.pooling - [] - HHH10001005: Loaded JDBC driver class: org.postgresql.Driver
2023-12-27 13:25:08.589 [main] INFO  o.hibernate.orm.connections.pooling - [] - HHH10001012: Connecting with JDBC URL [jdbc:postgresql://localhost:5432/kepotifydb]
2023-12-27 13:25:08.589 [main] INFO  o.hibernate.orm.connections.pooling - [] - HHH10001001: Connection properties: {password=****, user=postgres}
2023-12-27 13:25:08.589 [main] INFO  o.hibernate.orm.connections.pooling - [] - HHH10001003: Autocommit mode: false
2023-12-27 13:25:08.593 [main] INFO  o.hibernate.orm.connections.pooling - [] - HHH10001115: Connection pool size: 20 (min=1)
2023-12-27 13:25:10.333 [main] INFO  o.h.validator.internal.util.Version - [] - HV000001: Hibernate Validator 8.0.1.Final
2023-12-27 13:25:12.294 [main] INFO  o.h.e.t.j.p.i.JtaPlatformInitiator - [] - HHH000489: No JTA platform available (set 'hibernate.transaction.jta.platform' to enable JTA platform integration)
Hibernate: 
    select
        s1_0.id,
        s1_0.album_id,
        s1_0.created_at,
        s1_0.created_by,
        s1_0.duration,
        s1_0.environment,
        s1_0.status_record,
        s1_0.title,
        s1_0.updated_at,
        s1_0.updated_by,
        s1_0.version 
    from
        songs s1_0 
    where
        s1_0.id=? 
        and (
            s1_0.status_record='ACTIVE'
        )
]]></system-out>
  </testcase>
  <testcase name="testUpdateArtisHasAlbums" classname="com.yeahbutstill.kepotify.ArtisAlbumSongTest" time="0.08">
    <error message="Cannot invoke &quot;com.yeahbutstill.kepotify.entity.Artist.getHasAlbums()&quot; because &quot;artist&quot; is null" type="java.lang.NullPointerException"><![CDATA[java.lang.NullPointerException: Cannot invoke "com.yeahbutstill.kepotify.entity.Artist.getHasAlbums()" because "artist" is null
	at com.yeahbutstill.kepotify.ArtisAlbumSongTest.testUpdateArtisHasAlbums(ArtisAlbumSongTest.java:196)
	at java.base/java.lang.reflect.Method.invoke(Method.java:580)
	at java.base/java.util.ArrayList.forEach(ArrayList.java:1596)
	at java.base/java.util.ArrayList.forEach(ArrayList.java:1596)
]]></error>
    <system-out><![CDATA[Hibernate: 
    select
        a1_0.id,
        a1_0.bio,
        a1_0.created_at,
        a1_0.created_by,
        a1_0.environment,
        a1_0.facebook,
        a1_0.instagram,
        a1_0.name,
        a1_0.status_record,
        a1_0.twitter,
        a1_0.updated_at,
        a1_0.updated_by,
        a1_0.version,
        a1_0.wikipedia 
    from
        artists a1_0 
    where
        a1_0.id=? 
        and (
            a1_0.status_record='ACTIVE'
        )
]]></system-out>
  </testcase>
  <testcase name="testInsertAlbumAndSong" classname="com.yeahbutstill.kepotify.ArtisAlbumSongTest" time="0.314">
    <system-out><![CDATA[Hibernate: 
    insert 
    into
        albums
        (created_at, created_by, environment, image, release, status_record, title, updated_at, updated_by, version, id) 
    values
        (?, ?, ?, ?, ?, ?, ?, ?, ?, ?, ?)
Hibernate: 
    insert 
    into
        songs
        (album_id, created_at, created_by, duration, environment, status_record, title, updated_at, updated_by, version, id) 
    values
        (?, ?, ?, ?, ?, ?, ?, ?, ?, ?, ?)
Hibernate: 
    insert 
    into
        songs
        (album_id, created_at, created_by, duration, environment, status_record, title, updated_at, updated_by, version, id) 
    values
        (?, ?, ?, ?, ?, ?, ?, ?, ?, ?, ?)
Hibernate: 
    insert 
    into
        songs
        (album_id, created_at, created_by, duration, environment, status_record, title, updated_at, updated_by, version, id) 
    values
        (?, ?, ?, ?, ?, ?, ?, ?, ?, ?, ?)
Hibernate: 
    insert 
    into
        songs
        (album_id, created_at, created_by, duration, environment, status_record, title, updated_at, updated_by, version, id) 
    values
        (?, ?, ?, ?, ?, ?, ?, ?, ?, ?, ?)
Hibernate: 
    insert 
    into
        songs
        (album_id, created_at, created_by, duration, environment, status_record, title, updated_at, updated_by, version, id) 
    values
        (?, ?, ?, ?, ?, ?, ?, ?, ?, ?, ?)
Hibernate: 
    insert 
    into
        songs
        (album_id, created_at, created_by, duration, environment, status_record, title, updated_at, updated_by, version, id) 
    values
        (?, ?, ?, ?, ?, ?, ?, ?, ?, ?, ?)
Hibernate: 
    insert 
    into
        songs
        (album_id, created_at, created_by, duration, environment, status_record, title, updated_at, updated_by, version, id) 
    values
        (?, ?, ?, ?, ?, ?, ?, ?, ?, ?, ?)
Hibernate: 
    insert 
    into
        songs
        (album_id, created_at, created_by, duration, environment, status_record, title, updated_at, updated_by, version, id) 
    values
        (?, ?, ?, ?, ?, ?, ?, ?, ?, ?, ?)
]]></system-out>
  </testcase>
  <testcase name="testInsertConcerts" classname="com.yeahbutstill.kepotify.ArtisAlbumSongTest" time="0.01">
    <system-out><![CDATA[Hibernate: 
    insert 
    into
        concerts
        (created_at, created_by, environment, event_at, lat, location, lon, status_record, updated_at, updated_by, url, version, id) 
    values
        (?, ?, ?, ?, ?, ?, ?, ?, ?, ?, ?, ?, ?)
Hibernate: 
    insert 
    into
        concerts
        (created_at, created_by, environment, event_at, lat, location, lon, status_record, updated_at, updated_by, url, version, id) 
    values
        (?, ?, ?, ?, ?, ?, ?, ?, ?, ?, ?, ?, ?)
]]></system-out>
  </testcase>
  <testcase name="testArtisHasAlbums" classname="com.yeahbutstill.kepotify.ArtisAlbumSongTest" time="0.009">
    <error message="Cannot invoke &quot;com.yeahbutstill.kepotify.entity.Artist.setHasAlbums(java.util.Set)&quot; because &quot;artist&quot; is null" type="java.lang.NullPointerException"><![CDATA[java.lang.NullPointerException: Cannot invoke "com.yeahbutstill.kepotify.entity.Artist.setHasAlbums(java.util.Set)" because "artist" is null
	at com.yeahbutstill.kepotify.ArtisAlbumSongTest.testArtisHasAlbums(ArtisAlbumSongTest.java:165)
	at java.base/java.lang.reflect.Method.invoke(Method.java:580)
	at java.base/java.util.ArrayList.forEach(ArrayList.java:1596)
	at java.base/java.util.ArrayList.forEach(ArrayList.java:1596)
]]></error>
    <system-out><![CDATA[Hibernate: 
    select
        a1_0.id,
        a1_0.bio,
        a1_0.created_at,
        a1_0.created_by,
        a1_0.environment,
        a1_0.facebook,
        a1_0.instagram,
        a1_0.name,
        a1_0.status_record,
        a1_0.twitter,
        a1_0.updated_at,
        a1_0.updated_by,
        a1_0.version,
        a1_0.wikipedia 
    from
        artists a1_0 
    where
        a1_0.id=? 
        and (
            a1_0.status_record='ACTIVE'
        )
]]></system-out>
  </testcase>
  <testcase name="testFindAlbumAndSong" classname="com.yeahbutstill.kepotify.ArtisAlbumSongTest" time="0.121">
    <error message="Cannot invoke &quot;com.yeahbutstill.kepotify.entity.Album.getTitle()&quot; because &quot;album&quot; is null" type="java.lang.NullPointerException"><![CDATA[java.lang.NullPointerException: Cannot invoke "com.yeahbutstill.kepotify.entity.Album.getTitle()" because "album" is null
	at com.yeahbutstill.kepotify.ArtisAlbumSongTest.testFindAlbumAndSong(ArtisAlbumSongTest.java:144)
	at java.base/java.lang.reflect.Method.invoke(Method.java:580)
	at java.base/java.util.ArrayList.forEach(ArrayList.java:1596)
	at java.base/java.util.ArrayList.forEach(ArrayList.java:1596)
]]></error>
    <system-out><![CDATA[Hibernate: 
    select
        a1_0.id,
        a1_0.created_at,
        a1_0.created_by,
        a1_0.environment,
        a1_0.image,
        a1_0.release,
        a1_0.status_record,
        a1_0.title,
        a1_0.updated_at,
        a1_0.updated_by,
        a1_0.version 
    from
        albums a1_0 
    where
        a1_0.id=? 
        and (
            a1_0.status_record='ACTIVE'
        )
]]></system-out>
  </testcase>
  <testcase name="testSingSong" classname="com.yeahbutstill.kepotify.ArtisAlbumSongTest" time="0.089">
    <error message="Cannot invoke &quot;com.yeahbutstill.kepotify.entity.Artist.setSingSong(java.util.Set)&quot; because &quot;artist&quot; is null" type="java.lang.NullPointerException"><![CDATA[java.lang.NullPointerException: Cannot invoke "com.yeahbutstill.kepotify.entity.Artist.setSingSong(java.util.Set)" because "artist" is null
	at com.yeahbutstill.kepotify.ArtisAlbumSongTest.testSingSong(ArtisAlbumSongTest.java:219)
	at java.base/java.lang.reflect.Method.invoke(Method.java:580)
	at java.base/java.util.ArrayList.forEach(ArrayList.java:1596)
	at java.base/java.util.ArrayList.forEach(ArrayList.java:1596)
]]></error>
    <system-out><![CDATA[Hibernate: 
    select
        a1_0.id,
        a1_0.bio,
        a1_0.created_at,
        a1_0.created_by,
        a1_0.environment,
        a1_0.facebook,
        a1_0.instagram,
        a1_0.name,
        a1_0.status_record,
        a1_0.twitter,
        a1_0.updated_at,
        a1_0.updated_by,
        a1_0.version,
        a1_0.wikipedia 
    from
        artists a1_0 
    where
        a1_0.id=? 
        and (
            a1_0.status_record='ACTIVE'
        )
]]></system-out>
  </testcase>
  <testcase name="testInsertArtist" classname="com.yeahbutstill.kepotify.ArtisAlbumSongTest" time="0.124">
    <system-out><![CDATA[Hibernate: 
    insert 
    into
        artists
        (bio, created_at, created_by, environment, facebook, instagram, name, status_record, twitter, updated_at, updated_by, version, wikipedia, id) 
    values
        (?, ?, ?, ?, ?, ?, ?, ?, ?, ?, ?, ?, ?, ?)
]]></system-out>
  </testcase>
  <testcase name="testInsertArtistPerforms" classname="com.yeahbutstill.kepotify.ArtisAlbumSongTest" time="0.005">
    <error message="Cannot invoke &quot;com.yeahbutstill.kepotify.entity.Artist.setPerforms(java.util.Set)&quot; because &quot;artist&quot; is null" type="java.lang.NullPointerException"><![CDATA[java.lang.NullPointerException: Cannot invoke "com.yeahbutstill.kepotify.entity.Artist.setPerforms(java.util.Set)" because "artist" is null
	at com.yeahbutstill.kepotify.ArtisAlbumSongTest.testInsertArtistPerforms(ArtisAlbumSongTest.java:308)
	at java.base/java.lang.reflect.Method.invoke(Method.java:580)
	at java.base/java.util.ArrayList.forEach(ArrayList.java:1596)
	at java.base/java.util.ArrayList.forEach(ArrayList.java:1596)
]]></error>
    <system-out><![CDATA[Hibernate: 
    select
        a1_0.id,
        a1_0.bio,
        a1_0.created_at,
        a1_0.created_by,
        a1_0.environment,
        a1_0.facebook,
        a1_0.instagram,
        a1_0.name,
        a1_0.status_record,
        a1_0.twitter,
        a1_0.updated_at,
        a1_0.updated_by,
        a1_0.version,
        a1_0.wikipedia 
    from
        artists a1_0 
    where
        a1_0.id=? 
        and (
            a1_0.status_record='ACTIVE'
        )
]]></system-out>
  </testcase>
</testsuite>